Apr 21, 2013 1:16:14 PM org.apache.solr.core.SolrResourceLoader locateSolrHome
INFO: JNDI not configured for solr (NoInitialContextEx)
Apr 21, 2013 1:16:14 PM org.apache.solr.core.SolrResourceLoader locateSolrHome
INFO: using system property solr.solr.home: /home/srowell/Code/6108eng-sr-as3/solr
Apr 21, 2013 1:16:14 PM org.apache.solr.core.SolrResourceLoader <init>
INFO: Solr home set to '/home/srowell/Code/6108eng-sr-as3/solr/'
Apr 21, 2013 1:16:14 PM org.apache.solr.servlet.SolrDispatchFilter init
INFO: SolrDispatchFilter.init()
Apr 21, 2013 1:16:14 PM org.apache.solr.core.SolrResourceLoader locateSolrHome
INFO: JNDI not configured for solr (NoInitialContextEx)
Apr 21, 2013 1:16:14 PM org.apache.solr.core.SolrResourceLoader locateSolrHome
INFO: using system property solr.solr.home: /home/srowell/Code/6108eng-sr-as3/solr
Apr 21, 2013 1:16:14 PM org.apache.solr.core.CoreContainer$Initializer initialize
INFO: looking for solr.xml: /home/srowell/Code/6108eng-sr-as3/solr/solr.xml
Apr 21, 2013 1:16:14 PM org.apache.solr.core.SolrResourceLoader locateSolrHome
INFO: JNDI not configured for solr (NoInitialContextEx)
Apr 21, 2013 1:16:14 PM org.apache.solr.core.SolrResourceLoader locateSolrHome
INFO: using system property solr.solr.home: /home/srowell/Code/6108eng-sr-as3/solr
Apr 21, 2013 1:16:14 PM org.apache.solr.core.CoreContainer <init>
INFO: New CoreContainer: solrHome=/home/srowell/Code/6108eng-sr-as3/solr/ instance=1921861250
Apr 21, 2013 1:16:14 PM org.apache.solr.core.SolrResourceLoader <init>
INFO: Solr home set to '/home/srowell/Code/6108eng-sr-as3/solr/'
Apr 21, 2013 1:16:14 PM org.apache.solr.core.SolrResourceLoader <init>
INFO: Solr home set to '/home/srowell/Code/6108eng-sr-as3/solr/./'
Apr 21, 2013 1:16:14 PM org.apache.solr.core.SolrConfig initLibs
INFO: Adding specified lib dirs to ClassLoader
Apr 21, 2013 1:16:14 PM org.apache.solr.core.Config getLuceneVersion
WARNING: the luceneMatchVersion is not specified, defaulting to LUCENE_24 emulation. You should at some point declare and reindex to at least 3.0, because 2.4 emulation is deprecated and will be removed in 4.0. This parameter will be mandatory in 4.0.
Apr 21, 2013 1:16:14 PM org.apache.solr.core.SolrConfig <init>
INFO: Using Lucene MatchVersion: LUCENE_24
Apr 21, 2013 1:16:15 PM org.apache.solr.core.SolrConfig <init>
WARNING: Deprecated syntax found. <highlighting/> should move to <searchComponent/>
Apr 21, 2013 1:16:15 PM org.apache.solr.core.SolrConfig <init>
INFO: Loaded SolrConfig: solrconfig.xml
Apr 21, 2013 1:16:15 PM org.apache.solr.schema.IndexSchema readSchema
INFO: Reading Solr Schema
Apr 21, 2013 1:16:15 PM org.apache.solr.schema.IndexSchema readSchema
INFO: Schema name=sunspot
Apr 21, 2013 1:16:15 PM org.apache.solr.util.plugin.AbstractPluginLoader load
INFO: created string: org.apache.solr.schema.StrField
Apr 21, 2013 1:16:15 PM org.apache.solr.util.plugin.AbstractPluginLoader load
INFO: created tdouble: org.apache.solr.schema.TrieDoubleField
Apr 21, 2013 1:16:15 PM org.apache.solr.util.plugin.AbstractPluginLoader load
INFO: created rand: org.apache.solr.schema.RandomSortField
Apr 21, 2013 1:16:15 PM org.apache.solr.util.plugin.AbstractPluginLoader load
INFO: created : org.apache.solr.analysis.StandardTokenizerFactory
Apr 21, 2013 1:16:15 PM org.apache.solr.analysis.BaseTokenStreamFactory assureMatchVersion
WARNING: StandardTokenizerFactory is using deprecated LUCENE_24 emulation. You should at some point declare and reindex to at least 3.0, because 2.x emulation is deprecated and will be removed in 4.0
Apr 21, 2013 1:16:15 PM org.apache.solr.util.plugin.AbstractPluginLoader load
INFO: created : org.apache.solr.analysis.StandardFilterFactory
Apr 21, 2013 1:16:15 PM org.apache.solr.analysis.BaseTokenStreamFactory assureMatchVersion
WARNING: StandardFilterFactory is using deprecated LUCENE_24 emulation. You should at some point declare and reindex to at least 3.0, because 2.x emulation is deprecated and will be removed in 4.0
Apr 21, 2013 1:16:15 PM org.apache.solr.util.plugin.AbstractPluginLoader load
INFO: created : org.apache.solr.analysis.LowerCaseFilterFactory
Apr 21, 2013 1:16:15 PM org.apache.solr.analysis.BaseTokenStreamFactory assureMatchVersion
WARNING: LowerCaseFilterFactory is using deprecated LUCENE_24 emulation. You should at some point declare and reindex to at least 3.0, because 2.x emulation is deprecated and will be removed in 4.0
Apr 21, 2013 1:16:15 PM org.apache.solr.util.plugin.AbstractPluginLoader load
INFO: created : org.apache.solr.analysis.PorterStemFilterFactory
Apr 21, 2013 1:16:15 PM org.apache.solr.util.plugin.AbstractPluginLoader load
INFO: created text: org.apache.solr.schema.TextField
Apr 21, 2013 1:16:15 PM org.apache.solr.util.plugin.AbstractPluginLoader load
INFO: created boolean: org.apache.solr.schema.BoolField
Apr 21, 2013 1:16:15 PM org.apache.solr.util.plugin.AbstractPluginLoader load
INFO: created date: org.apache.solr.schema.DateField
Apr 21, 2013 1:16:15 PM org.apache.solr.util.plugin.AbstractPluginLoader load
INFO: created sdouble: org.apache.solr.schema.SortableDoubleField
Apr 21, 2013 1:16:15 PM org.apache.solr.util.plugin.AbstractPluginLoader load
INFO: created sfloat: org.apache.solr.schema.SortableFloatField
Apr 21, 2013 1:16:15 PM org.apache.solr.util.plugin.AbstractPluginLoader load
INFO: created sint: org.apache.solr.schema.SortableIntField
Apr 21, 2013 1:16:15 PM org.apache.solr.util.plugin.AbstractPluginLoader load
INFO: created slong: org.apache.solr.schema.SortableLongField
Apr 21, 2013 1:16:15 PM org.apache.solr.util.plugin.AbstractPluginLoader load
INFO: created tint: org.apache.solr.schema.TrieIntField
Apr 21, 2013 1:16:15 PM org.apache.solr.util.plugin.AbstractPluginLoader load
INFO: created tfloat: org.apache.solr.schema.TrieFloatField
Apr 21, 2013 1:16:15 PM org.apache.solr.util.plugin.AbstractPluginLoader load
INFO: created tdate: org.apache.solr.schema.TrieDateField
Apr 21, 2013 1:16:15 PM org.apache.solr.util.plugin.AbstractPluginLoader load
INFO: created location: org.apache.solr.schema.LatLonType
Apr 21, 2013 1:16:15 PM org.apache.solr.schema.IndexSchema readSchema
INFO: default search field is text
Apr 21, 2013 1:16:15 PM org.apache.solr.schema.IndexSchema readSchema
INFO: query parser default operator is AND
Apr 21, 2013 1:16:15 PM org.apache.solr.schema.IndexSchema readSchema
INFO: unique key field: id
Apr 21, 2013 1:16:15 PM org.apache.solr.core.SolrCore <init>
INFO: [] Opening new SolrCore at /home/srowell/Code/6108eng-sr-as3/solr/./, dataDir=/home/srowell/Code/6108eng-sr-as3/solr/data/development/
Apr 21, 2013 1:16:15 PM org.apache.solr.core.JmxMonitoredMap <init>
INFO: No JMX servers found, not exposing Solr information with JMX.
Apr 21, 2013 1:16:15 PM org.apache.solr.core.SolrCore initListeners
INFO: [] Added SolrEventListener for newSearcher: org.apache.solr.core.QuerySenderListener{queries=[]}
Apr 21, 2013 1:16:15 PM org.apache.solr.core.SolrCore initListeners
INFO: [] Added SolrEventListener for firstSearcher: org.apache.solr.core.QuerySenderListener{queries=[{q=solr rocks,start=0,rows=10}, {q=static firstSearcher warming query from solrconfig.xml}]}
Apr 21, 2013 1:16:15 PM org.apache.solr.request.XSLTResponseWriter <init>
WARNING: org.apache.solr.request.XSLTResponseWriter is deprecated. Please use the corresponding class in org.apache.solr.response
Apr 21, 2013 1:16:15 PM org.apache.solr.response.XSLTResponseWriter init
INFO: xsltCacheLifetimeSeconds=5
Apr 21, 2013 1:16:15 PM org.apache.solr.core.RequestHandlers initHandlersFromConfig
INFO: created standard: solr.SearchHandler
Apr 21, 2013 1:16:15 PM org.apache.solr.core.RequestHandlers initHandlersFromConfig
INFO: created dismax: solr.SearchHandler
Apr 21, 2013 1:16:15 PM org.apache.solr.core.RequestHandlers initHandlersFromConfig
INFO: created partitioned: solr.SearchHandler
Apr 21, 2013 1:16:15 PM org.apache.solr.core.RequestHandlers initHandlersFromConfig
INFO: created /spell: solr.SearchHandler
Apr 21, 2013 1:16:15 PM org.apache.solr.core.RequestHandlers initHandlersFromConfig
INFO: created tvrh: org.apache.solr.handler.component.SearchHandler
Apr 21, 2013 1:16:15 PM org.apache.solr.core.RequestHandlers initHandlersFromConfig
INFO: adding lazy requestHandler: org.apache.solr.handler.extraction.ExtractingRequestHandler
Apr 21, 2013 1:16:15 PM org.apache.solr.core.RequestHandlers initHandlersFromConfig
INFO: created /update/extract: org.apache.solr.handler.extraction.ExtractingRequestHandler
Apr 21, 2013 1:16:15 PM org.apache.solr.core.RequestHandlers initHandlersFromConfig
INFO: created /terms: org.apache.solr.handler.component.SearchHandler
Apr 21, 2013 1:16:15 PM org.apache.solr.core.RequestHandlers initHandlersFromConfig
INFO: adding lazy requestHandler: solr.SearchHandler
Apr 21, 2013 1:16:15 PM org.apache.solr.core.RequestHandlers initHandlersFromConfig
INFO: created /elevate: solr.SearchHandler
Apr 21, 2013 1:16:15 PM org.apache.solr.core.RequestHandlers initHandlersFromConfig
INFO: created /update: solr.XmlUpdateRequestHandler
Apr 21, 2013 1:16:15 PM org.apache.solr.core.RequestHandlers initHandlersFromConfig
INFO: created /update/javabin: solr.BinaryUpdateRequestHandler
Apr 21, 2013 1:16:15 PM org.apache.solr.core.RequestHandlers initHandlersFromConfig
INFO: created /analysis/document: solr.DocumentAnalysisRequestHandler
Apr 21, 2013 1:16:15 PM org.apache.solr.core.RequestHandlers initHandlersFromConfig
INFO: created /analysis/field: solr.FieldAnalysisRequestHandler
Apr 21, 2013 1:16:15 PM org.apache.solr.core.RequestHandlers initHandlersFromConfig
INFO: adding lazy requestHandler: solr.CSVRequestHandler
Apr 21, 2013 1:16:15 PM org.apache.solr.core.RequestHandlers initHandlersFromConfig
INFO: created /update/csv: solr.CSVRequestHandler
Apr 21, 2013 1:16:15 PM org.apache.solr.core.RequestHandlers initHandlersFromConfig
INFO: created /admin/: org.apache.solr.handler.admin.AdminHandlers
Apr 21, 2013 1:16:15 PM org.apache.solr.core.RequestHandlers initHandlersFromConfig
INFO: created /admin/ping: PingRequestHandler
Apr 21, 2013 1:16:15 PM org.apache.solr.core.RequestHandlers initHandlersFromConfig
INFO: created /debug/dump: solr.DumpRequestHandler
Apr 21, 2013 1:16:15 PM org.apache.solr.core.RequestHandlers initHandlersFromConfig
INFO: created /mlt: solr.MoreLikeThisHandler
Apr 21, 2013 1:16:15 PM org.apache.solr.search.SolrIndexSearcher <init>
INFO: Opening Searcher@2c9d7c34 main
Apr 21, 2013 1:16:15 PM org.apache.solr.update.CommitTracker <init>
INFO: commitTracker AutoCommit: disabled
Apr 21, 2013 1:16:15 PM org.apache.solr.handler.component.SpellCheckComponent inform
INFO: Initializing spell checkers
Apr 21, 2013 1:16:15 PM org.apache.solr.handler.component.SpellCheckComponent inform
WARNING: No queryConverter defined, using default converter
Apr 21, 2013 1:16:15 PM org.apache.solr.handler.component.QueryElevationComponent inform
INFO: Loading QueryElevation from: /home/srowell/Code/6108eng-sr-as3/solr/./conf/elevate.xml
Apr 21, 2013 1:16:15 PM org.apache.solr.handler.component.SearchHandler inform
INFO: Adding  component:org.apache.solr.handler.component.QueryComponent@31ea681
Apr 21, 2013 1:16:15 PM org.apache.solr.handler.component.SearchHandler inform
INFO: Adding  component:org.apache.solr.handler.component.FacetComponent@514560c0
Apr 21, 2013 1:16:15 PM org.apache.solr.handler.component.SearchHandler inform
INFO: Adding  component:org.apache.solr.handler.component.MoreLikeThisComponent@21d306ef
Apr 21, 2013 1:16:15 PM org.apache.solr.handler.component.SearchHandler inform
INFO: Adding  component:org.apache.solr.handler.component.HighlightComponent@256c4642
Apr 21, 2013 1:16:15 PM org.apache.solr.handler.component.SearchHandler inform
INFO: Adding  component:org.apache.solr.handler.component.StatsComponent@6778aa3f
Apr 21, 2013 1:16:15 PM org.apache.solr.handler.component.SearchHandler inform
INFO: Adding  debug component:org.apache.solr.handler.component.DebugComponent@22f1432b
Apr 21, 2013 1:16:15 PM org.apache.solr.handler.component.SearchHandler inform
INFO: Adding  component:org.apache.solr.handler.component.QueryComponent@31ea681
Apr 21, 2013 1:16:15 PM org.apache.solr.handler.component.SearchHandler inform
INFO: Adding  component:org.apache.solr.handler.component.FacetComponent@514560c0
Apr 21, 2013 1:16:15 PM org.apache.solr.handler.component.SearchHandler inform
INFO: Adding  component:org.apache.solr.handler.component.MoreLikeThisComponent@21d306ef
Apr 21, 2013 1:16:15 PM org.apache.solr.handler.component.SearchHandler inform
INFO: Adding  component:org.apache.solr.handler.component.HighlightComponent@256c4642
Apr 21, 2013 1:16:15 PM org.apache.solr.handler.component.SearchHandler inform
INFO: Adding  component:org.apache.solr.handler.component.StatsComponent@6778aa3f
Apr 21, 2013 1:16:15 PM org.apache.solr.handler.component.SearchHandler inform
INFO: Adding  debug component:org.apache.solr.handler.component.DebugComponent@22f1432b
Apr 21, 2013 1:16:15 PM org.apache.solr.handler.component.SearchHandler inform
INFO: Adding  component:org.apache.solr.handler.component.QueryComponent@31ea681
Apr 21, 2013 1:16:15 PM org.apache.solr.handler.component.SearchHandler inform
INFO: Adding  component:org.apache.solr.handler.component.FacetComponent@514560c0
Apr 21, 2013 1:16:15 PM org.apache.solr.handler.component.SearchHandler inform
INFO: Adding  component:org.apache.solr.handler.component.MoreLikeThisComponent@21d306ef
Apr 21, 2013 1:16:15 PM org.apache.solr.handler.component.SearchHandler inform
INFO: Adding  component:org.apache.solr.handler.component.HighlightComponent@256c4642
Apr 21, 2013 1:16:15 PM org.apache.solr.handler.component.SearchHandler inform
INFO: Adding  component:org.apache.solr.handler.component.StatsComponent@6778aa3f
Apr 21, 2013 1:16:15 PM org.apache.solr.handler.component.SearchHandler inform
INFO: Adding  debug component:org.apache.solr.handler.component.DebugComponent@22f1432b
Apr 21, 2013 1:16:15 PM org.apache.solr.handler.component.SearchHandler inform
INFO: Adding  component:org.apache.solr.handler.component.QueryComponent@31ea681
Apr 21, 2013 1:16:15 PM org.apache.solr.handler.component.SearchHandler inform
INFO: Adding  component:org.apache.solr.handler.component.FacetComponent@514560c0
Apr 21, 2013 1:16:15 PM org.apache.solr.handler.component.SearchHandler inform
INFO: Adding  component:org.apache.solr.handler.component.MoreLikeThisComponent@21d306ef
Apr 21, 2013 1:16:15 PM org.apache.solr.handler.component.SearchHandler inform
INFO: Adding  component:org.apache.solr.handler.component.HighlightComponent@256c4642
Apr 21, 2013 1:16:15 PM org.apache.solr.handler.component.SearchHandler inform
INFO: Adding  component:org.apache.solr.handler.component.StatsComponent@6778aa3f
Apr 21, 2013 1:16:15 PM org.apache.solr.handler.component.SearchHandler inform
INFO: Adding  component:org.apache.solr.handler.component.SpellCheckComponent@d70cdf9
Apr 21, 2013 1:16:15 PM org.apache.solr.handler.component.SearchHandler inform
INFO: Adding  debug component:org.apache.solr.handler.component.DebugComponent@22f1432b
Apr 21, 2013 1:16:15 PM org.apache.solr.handler.component.SearchHandler inform
INFO: Adding  component:org.apache.solr.handler.component.QueryComponent@31ea681
Apr 21, 2013 1:16:15 PM org.apache.solr.handler.component.SearchHandler inform
INFO: Adding  component:org.apache.solr.handler.component.FacetComponent@514560c0
Apr 21, 2013 1:16:15 PM org.apache.solr.handler.component.SearchHandler inform
INFO: Adding  component:org.apache.solr.handler.component.MoreLikeThisComponent@21d306ef
Apr 21, 2013 1:16:15 PM org.apache.solr.handler.component.SearchHandler inform
INFO: Adding  component:org.apache.solr.handler.component.HighlightComponent@256c4642
Apr 21, 2013 1:16:15 PM org.apache.solr.handler.component.SearchHandler inform
INFO: Adding  component:org.apache.solr.handler.component.StatsComponent@6778aa3f
Apr 21, 2013 1:16:15 PM org.apache.solr.handler.component.SearchHandler inform
INFO: Adding  component:org.apache.solr.handler.component.TermVectorComponent@68e29d53
Apr 21, 2013 1:16:15 PM org.apache.solr.handler.component.SearchHandler inform
INFO: Adding  debug component:org.apache.solr.handler.component.DebugComponent@22f1432b
Apr 21, 2013 1:16:15 PM org.apache.solr.handler.component.SearchHandler inform
INFO: Adding  component:org.apache.solr.handler.component.TermsComponent@75c6e9f0
Apr 21, 2013 1:16:15 PM org.apache.solr.core.QuerySenderListener newSearcher
INFO: QuerySenderListener sending requests to Searcher@2c9d7c34 main
Apr 21, 2013 1:16:15 PM org.apache.solr.core.CoreContainer register
INFO: registering core: 
Apr 21, 2013 1:16:15 PM org.apache.solr.servlet.SolrDispatchFilter init
INFO: user.dir=/home/srowell/.rvm/gems/ruby-1.9.3-p392/gems/sunspot_solr-2.0.0/solr
Apr 21, 2013 1:16:15 PM org.apache.solr.servlet.SolrDispatchFilter init
INFO: SolrDispatchFilter.init() done
Apr 21, 2013 1:16:15 PM org.apache.solr.core.SolrCore execute
INFO: [] webapp=null path=null params={start=0&event=firstSearcher&q=solr+rocks&rows=10} hits=0 status=0 QTime=28 
Apr 21, 2013 1:16:15 PM org.apache.solr.core.SolrCore execute
INFO: [] webapp=null path=null params={event=firstSearcher&q=static+firstSearcher+warming+query+from+solrconfig.xml} hits=0 status=0 QTime=1 
Apr 21, 2013 1:16:15 PM org.apache.solr.core.QuerySenderListener newSearcher
INFO: QuerySenderListener done.
Apr 21, 2013 1:16:15 PM org.apache.solr.handler.component.SpellCheckComponent$SpellCheckerListener newSearcher
INFO: Loading spell index for spellchecker: default
Apr 21, 2013 1:16:15 PM org.apache.solr.servlet.SolrServlet init
INFO: SolrServlet.init()
Apr 21, 2013 1:16:15 PM org.apache.solr.core.SolrResourceLoader locateSolrHome
INFO: JNDI not configured for solr (NoInitialContextEx)
Apr 21, 2013 1:16:15 PM org.apache.solr.core.SolrCore registerSearcher
INFO: [] Registered new searcher Searcher@2c9d7c34 main
Apr 21, 2013 1:16:15 PM org.apache.solr.core.SolrResourceLoader locateSolrHome
INFO: using system property solr.solr.home: /home/srowell/Code/6108eng-sr-as3/solr
Apr 21, 2013 1:16:15 PM org.apache.solr.servlet.SolrServlet init
INFO: SolrServlet.init() done
Apr 21, 2013 1:16:15 PM org.apache.solr.core.SolrResourceLoader locateSolrHome
INFO: JNDI not configured for solr (NoInitialContextEx)
Apr 21, 2013 1:16:15 PM org.apache.solr.core.SolrResourceLoader locateSolrHome
INFO: using system property solr.solr.home: /home/srowell/Code/6108eng-sr-as3/solr
Apr 21, 2013 1:16:15 PM org.apache.solr.servlet.SolrUpdateServlet init
INFO: SolrUpdateServlet.init() done
Apr 21, 2013 1:59:34 PM org.apache.solr.core.SolrCore execute
INFO: [] webapp=/solr path=/select params={facet=true&start=0&q=*:*&f.publish_month_s.facet.mincount=1&facet.field=publish_month_s&wt=ruby&fq=type:Article&fq=updated_at_d:{*+TO+2013\-04\-21T12\:59\:34Z}&rows=30} hits=4 status=0 QTime=233 
Apr 21, 2013 6:48:45 PM org.apache.solr.core.SolrCore execute
INFO: [] webapp=/solr path=/select params={wt=ruby&start=0&fq=type:Event&fq=updated_at_d:{*+TO+2013\-04\-21T17\:48\:45Z}&q=*:*&rows=30} hits=3 status=0 QTime=4 
Apr 21, 2013 6:49:34 PM org.apache.solr.core.SolrCore execute
INFO: [] webapp=/solr path=/select params={facet=true&start=0&q=*:*&f.publish_month_s.facet.mincount=1&facet.field=publish_month_s&wt=ruby&fq=type:Article&fq=updated_at_d:{*+TO+2013\-04\-21T17\:49\:34Z}&rows=30} hits=4 status=0 QTime=7 
Apr 21, 2013 6:51:36 PM org.apache.solr.core.SolrCore execute
INFO: [] webapp=/solr path=/select params={wt=ruby&start=0&fq=type:Event&fq=updated_at_d:{*+TO+2013\-04\-21T17\:51\:36Z}&q=*:*&rows=30} hits=3 status=0 QTime=6 
Apr 21, 2013 6:51:52 PM org.apache.solr.core.SolrCore execute
INFO: [] webapp=/solr path=/select params={facet=true&start=0&q=*:*&f.publish_month_s.facet.mincount=1&facet.field=publish_month_s&wt=ruby&fq=type:Article&fq=updated_at_d:{*+TO+2013\-04\-21T17\:51\:52Z}&rows=30} hits=4 status=0 QTime=2 
Apr 21, 2013 6:51:54 PM org.apache.solr.core.SolrCore execute
INFO: [] webapp=/solr path=/select params={facet=true&start=0&q=*:*&f.publish_month_s.facet.mincount=1&facet.field=publish_month_s&wt=ruby&fq=type:Article&fq=updated_at_d:{*+TO+2013\-04\-21T17\:51\:54Z}&rows=30} hits=4 status=0 QTime=6 
Apr 21, 2013 7:14:15 PM org.apache.solr.core.SolrCore execute
INFO: [] webapp=/solr path=/select params={facet=true&start=0&q=*:*&f.publish_month_s.facet.mincount=1&facet.field=publish_month_s&wt=ruby&fq=type:Article&fq=updated_at_d:{*+TO+2013\-04\-21T18\:14\:15Z}&rows=30} hits=4 status=0 QTime=6 
Apr 21, 2013 7:14:28 PM org.apache.solr.core.SolrCore execute
INFO: [] webapp=/solr path=/select params={wt=ruby&start=0&fq=type:Event&fq=updated_at_d:{*+TO+2013\-04\-21T18\:14\:28Z}&q=*:*&rows=30} hits=3 status=0 QTime=3 
Apr 21, 2013 7:14:28 PM org.apache.solr.core.SolrCore execute
INFO: [] webapp=/solr path=/select params={facet=true&start=0&q=*:*&f.publish_month_s.facet.mincount=1&facet.field=publish_month_s&wt=ruby&fq=type:Article&fq=updated_at_d:{*+TO+2013\-04\-21T18\:14\:28Z}&rows=30} hits=4 status=0 QTime=2 
Apr 21, 2013 7:25:37 PM org.apache.solr.core.SolrCore execute
INFO: [] webapp=/solr path=/select params={facet=true&start=0&q=*:*&f.publish_month_s.facet.mincount=1&facet.field=publish_month_s&wt=ruby&fq=type:Article&fq=updated_at_d:{*+TO+2013\-04\-21T18\:25\:37Z}&rows=30} hits=4 status=0 QTime=5 
Apr 21, 2013 10:41:41 PM org.apache.solr.core.SolrCore execute
INFO: [] webapp=/solr path=/select params={facet=true&start=0&q=*:*&f.publish_month_s.facet.mincount=1&facet.field=publish_month_s&wt=ruby&fq=type:Article&fq=updated_at_d:{*+TO+2013\-04\-21T21\:41\:41Z}&rows=30} hits=4 status=0 QTime=5 
Apr 21, 2013 10:41:42 PM org.apache.solr.core.SolrCore execute
INFO: [] webapp=/solr path=/select params={wt=ruby&start=0&fq=type:Event&fq=updated_at_d:{*+TO+2013\-04\-21T21\:41\:42Z}&q=*:*&rows=30} hits=3 status=0 QTime=5 
Apr 21, 2013 10:47:00 PM org.apache.solr.core.SolrCore execute
INFO: [] webapp=/solr path=/select params={facet=true&start=0&q=*:*&f.publish_month_s.facet.mincount=1&facet.field=publish_month_s&wt=ruby&fq=type:Article&fq=updated_at_d:{*+TO+2013\-04\-21T21\:47\:00Z}&rows=30} hits=4 status=0 QTime=2 
Apr 21, 2013 10:47:01 PM org.apache.solr.core.SolrCore execute
INFO: [] webapp=/solr path=/select params={wt=ruby&start=0&fq=type:Event&fq=updated_at_d:{*+TO+2013\-04\-21T21\:47\:01Z}&q=*:*&rows=30} hits=3 status=0 QTime=4 
Apr 21, 2013 10:47:03 PM org.apache.solr.core.SolrCore execute
INFO: [] webapp=/solr path=/select params={wt=ruby&start=0&fq=type:Event&fq=updated_at_d:{*+TO+2013\-04\-21T21\:47\:03Z}&q=*:*&rows=30} hits=3 status=0 QTime=4 
Apr 21, 2013 10:47:06 PM org.apache.solr.core.SolrCore execute
INFO: [] webapp=/solr path=/select params={fl=*+score&start=0&q=sandwich&qf=title_text+body_text+publish_month_text+date_text&wt=ruby&fq=type:Event&fq=updated_at_d:{*+TO+2013\-04\-21T21\:47\:06Z}&defType=dismax&rows=30} hits=0 status=0 QTime=19 
Apr 21, 2013 10:47:10 PM org.apache.solr.core.SolrCore execute
INFO: [] webapp=/solr path=/select params={facet=true&start=0&q=*:*&f.publish_month_s.facet.mincount=1&facet.field=publish_month_s&wt=ruby&fq=type:Article&fq=updated_at_d:{*+TO+2013\-04\-21T21\:47\:10Z}&rows=30} hits=4 status=0 QTime=4 
Apr 21, 2013 10:47:12 PM org.apache.solr.core.SolrCore execute
INFO: [] webapp=/solr path=/select params={facet=true&fl=*+score&start=0&q=sand+wich&qf=title_text+body_text+tag_list_text+publish_month_text+comments_text&f.publish_month_s.facet.mincount=1&facet.field=publish_month_s&wt=ruby&fq=type:Article&fq=updated_at_d:{*+TO+2013\-04\-21T21\:47\:12Z}&defType=dismax&rows=30} hits=0 status=0 QTime=16 
Apr 21, 2013 10:47:15 PM org.apache.solr.core.SolrCore execute
INFO: [] webapp=/solr path=/select params={facet=true&fl=*+score&start=0&q=sandwich&qf=title_text+body_text+tag_list_text+publish_month_text+comments_text&f.publish_month_s.facet.mincount=1&facet.field=publish_month_s&wt=ruby&fq=type:Article&fq=updated_at_d:{*+TO+2013\-04\-21T21\:47\:15Z}&defType=dismax&rows=30} hits=1 status=0 QTime=47 
